{"/Users/JuanMaRuiz/Documents/projects/git-hub/javascript-exercises/00_generic-exercises/01-findLongestWord.js":{"path":"/Users/JuanMaRuiz/Documents/projects/git-hub/javascript-exercises/00_generic-exercises/01-findLongestWord.js","s":{"1":1,"2":6,"3":6,"4":49,"5":6,"6":112,"7":6},"b":{},"f":{"1":6,"2":49,"3":112},"fnMap":{"1":{"name":"(anonymous_1)","line":3,"loc":{"start":{"line":3,"column":33},"end":{"line":3,"column":47}}},"2":{"name":"(anonymous_2)","line":6,"loc":{"start":{"line":6,"column":40},"end":{"line":6,"column":58}}},"3":{"name":"(anonymous_3)","line":10,"loc":{"start":{"line":10,"column":41},"end":{"line":10,"column":56}}}},"statementMap":{"1":{"start":{"line":3,"column":0},"end":{"line":16,"column":1}},"2":{"start":{"line":4,"column":4},"end":{"line":4,"column":36}},"3":{"start":{"line":6,"column":4},"end":{"line":8,"column":7}},"4":{"start":{"line":7,"column":8},"end":{"line":7,"column":30}},"5":{"start":{"line":10,"column":4},"end":{"line":12,"column":7}},"6":{"start":{"line":11,"column":6},"end":{"line":11,"column":19}},"7":{"start":{"line":15,"column":4},"end":{"line":15,"column":41}}},"branchMap":{}},"/Users/JuanMaRuiz/Documents/projects/git-hub/javascript-exercises/00_generic-exercises/00-numbers-strings.js":{"path":"/Users/JuanMaRuiz/Documents/projects/git-hub/javascript-exercises/00_generic-exercises/00-numbers-strings.js","s":{"1":1,"2":13,"3":13,"4":13,"5":13,"6":13},"b":{},"f":{"1":13},"fnMap":{"1":{"name":"(anonymous_1)","line":3,"loc":{"start":{"line":3,"column":28},"end":{"line":3,"column":43}}}},"statementMap":{"1":{"start":{"line":3,"column":0},"end":{"line":9,"column":1}},"2":{"start":{"line":4,"column":2},"end":{"line":4,"column":82}},"3":{"start":{"line":5,"column":2},"end":{"line":5,"column":64}},"4":{"start":{"line":6,"column":2},"end":{"line":6,"column":46}},"5":{"start":{"line":7,"column":2},"end":{"line":7,"column":44}},"6":{"start":{"line":8,"column":2},"end":{"line":8,"column":38}}},"branchMap":{}},"/Users/JuanMaRuiz/Documents/projects/git-hub/javascript-exercises/01-time/time.js":{"path":"/Users/JuanMaRuiz/Documents/projects/git-hub/javascript-exercises/01-time/time.js","s":{"1":1,"2":1,"3":1,"4":1,"5":1,"6":1,"7":1,"8":0,"9":1,"10":1,"11":1,"12":1,"13":1,"14":2,"15":0,"16":2,"17":1,"18":1,"19":1},"b":{"1":[0,1],"2":[0,2]},"f":{"1":1,"2":1,"3":2,"4":1},"fnMap":{"1":{"name":"(anonymous_1)","line":3,"loc":{"start":{"line":3,"column":36},"end":{"line":3,"column":52}}},"2":{"name":"(anonymous_2)","line":13,"loc":{"start":{"line":13,"column":25},"end":{"line":13,"column":36}}},"3":{"name":"parseTime","line":32,"loc":{"start":{"line":32,"column":0},"end":{"line":32,"column":25}}},"4":{"name":"formatTime","line":44,"loc":{"start":{"line":44,"column":0},"end":{"line":44,"column":45}}}},"statementMap":{"1":{"start":{"line":3,"column":0},"end":{"line":7,"column":2}},"2":{"start":{"line":4,"column":2},"end":{"line":4,"column":69}},"3":{"start":{"line":6,"column":2},"end":{"line":6,"column":28}},"4":{"start":{"line":13,"column":0},"end":{"line":30,"column":1}},"5":{"start":{"line":14,"column":4},"end":{"line":14,"column":18}},"6":{"start":{"line":15,"column":4},"end":{"line":18,"column":40}},"7":{"start":{"line":20,"column":4},"end":{"line":24,"column":5}},"8":{"start":{"line":21,"column":8},"end":{"line":21,"column":38}},"9":{"start":{"line":23,"column":8},"end":{"line":23,"column":33}},"10":{"start":{"line":26,"column":4},"end":{"line":26,"column":34}},"11":{"start":{"line":27,"column":4},"end":{"line":27,"column":34}},"12":{"start":{"line":29,"column":4},"end":{"line":29,"column":40}},"13":{"start":{"line":32,"column":0},"end":{"line":37,"column":1}},"14":{"start":{"line":33,"column":4},"end":{"line":35,"column":5}},"15":{"start":{"line":34,"column":8},"end":{"line":34,"column":32}},"16":{"start":{"line":36,"column":4},"end":{"line":36,"column":16}},"17":{"start":{"line":44,"column":0},"end":{"line":47,"column":1}},"18":{"start":{"line":45,"column":3},"end":{"line":45,"column":65}},"19":{"start":{"line":46,"column":3},"end":{"line":46,"column":24}}},"branchMap":{"1":{"line":20,"type":"if","locations":[{"start":{"line":20,"column":4},"end":{"line":20,"column":4}},{"start":{"line":20,"column":4},"end":{"line":20,"column":4}}]},"2":{"line":33,"type":"if","locations":[{"start":{"line":33,"column":4},"end":{"line":33,"column":4}},{"start":{"line":33,"column":4},"end":{"line":33,"column":4}}]}}},"/Users/JuanMaRuiz/Documents/projects/git-hub/javascript-exercises/02-temperature/temperature.js":{"path":"/Users/JuanMaRuiz/Documents/projects/git-hub/javascript-exercises/02-temperature/temperature.js","s":{"1":1,"2":3,"3":3},"b":{},"f":{"1":3},"fnMap":{"1":{"name":"(anonymous_1)","line":8,"loc":{"start":{"line":8,"column":37},"end":{"line":8,"column":55}}}},"statementMap":{"1":{"start":{"line":8,"column":0},"end":{"line":12,"column":1}},"2":{"start":{"line":9,"column":4},"end":{"line":9,"column":43}},"3":{"start":{"line":11,"column":4},"end":{"line":11,"column":31}}},"branchMap":{}},"/Users/JuanMaRuiz/Documents/projects/git-hub/javascript-exercises/03-coderbyte-easy/string-reverse.js":{"path":"/Users/JuanMaRuiz/Documents/projects/git-hub/javascript-exercises/03-coderbyte-easy/string-reverse.js","s":{"1":1,"2":2,"3":2,"4":2},"b":{},"f":{"1":2},"fnMap":{"1":{"name":"(anonymous_1)","line":3,"loc":{"start":{"line":3,"column":30},"end":{"line":3,"column":44}}}},"statementMap":{"1":{"start":{"line":3,"column":0},"end":{"line":8,"column":1}},"2":{"start":{"line":4,"column":4},"end":{"line":4,"column":46}},"3":{"start":{"line":5,"column":4},"end":{"line":5,"column":39}},"4":{"start":{"line":7,"column":4},"end":{"line":7,"column":23}}},"branchMap":{}},"/Users/JuanMaRuiz/Documents/projects/git-hub/javascript-exercises/03-coderbyte-easy/first-factorial.js":{"path":"/Users/JuanMaRuiz/Documents/projects/git-hub/javascript-exercises/03-coderbyte-easy/first-factorial.js","s":{"1":1,"2":2,"3":2,"4":12,"5":2,"6":10,"7":2},"b":{},"f":{"1":2,"2":10},"fnMap":{"1":{"name":"(anonymous_1)","line":3,"loc":{"start":{"line":3,"column":30},"end":{"line":3,"column":44}}},"2":{"name":"(anonymous_2)","line":11,"loc":{"start":{"line":11,"column":24},"end":{"line":11,"column":48}}}},"statementMap":{"1":{"start":{"line":3,"column":0},"end":{"line":16,"column":2}},"2":{"start":{"line":4,"column":4},"end":{"line":5,"column":15}},"3":{"start":{"line":7,"column":4},"end":{"line":9,"column":5}},"4":{"start":{"line":8,"column":8},"end":{"line":8,"column":20}},"5":{"start":{"line":11,"column":4},"end":{"line":13,"column":7}},"6":{"start":{"line":12,"column":8},"end":{"line":12,"column":30}},"7":{"start":{"line":14,"column":4},"end":{"line":14,"column":18}}},"branchMap":{}},"/Users/JuanMaRuiz/Documents/projects/git-hub/javascript-exercises/04-regExp/01-regExp.js":{"path":"/Users/JuanMaRuiz/Documents/projects/git-hub/javascript-exercises/04-regExp/01-regExp.js","s":{"1":1,"2":4,"3":4,"4":1,"5":2,"6":2,"7":1,"8":2,"9":2},"b":{"1":[2,2],"2":[1,1],"3":[1,1]},"f":{"1":4,"2":2,"3":2},"fnMap":{"1":{"name":"logMessage","line":3,"loc":{"start":{"line":3,"column":0},"end":{"line":3,"column":37}}},"2":{"name":"(anonymous_2)","line":8,"loc":{"start":{"line":8,"column":43},"end":{"line":8,"column":60}}},"3":{"name":"(anonymous_3)","line":17,"loc":{"start":{"line":17,"column":39},"end":{"line":17,"column":54}}}},"statementMap":{"1":{"start":{"line":3,"column":0},"end":{"line":6,"column":1}},"2":{"start":{"line":4,"column":4},"end":{"line":4,"column":50}},"3":{"start":{"line":5,"column":4},"end":{"line":5,"column":25}},"4":{"start":{"line":8,"column":0},"end":{"line":15,"column":2}},"5":{"start":{"line":9,"column":4},"end":{"line":12,"column":67}},"6":{"start":{"line":14,"column":4},"end":{"line":14,"column":44}},"7":{"start":{"line":17,"column":0},"end":{"line":23,"column":1}},"8":{"start":{"line":18,"column":4},"end":{"line":19,"column":127}},"9":{"start":{"line":21,"column":4},"end":{"line":21,"column":31}}},"branchMap":{"1":{"line":4,"type":"cond-expr","locations":[{"start":{"line":4,"column":38},"end":{"line":4,"column":40}},{"start":{"line":4,"column":43},"end":{"line":4,"column":49}}]},"2":{"line":12,"type":"cond-expr","locations":[{"start":{"line":12,"column":54},"end":{"line":12,"column":58}},{"start":{"line":12,"column":61},"end":{"line":12,"column":66}}]},"3":{"line":19,"type":"cond-expr","locations":[{"start":{"line":19,"column":49},"end":{"line":19,"column":84}},{"start":{"line":19,"column":87},"end":{"line":19,"column":126}}]}}}}