{"/Users/juanmanuel.ruiz/Documents/projects/git-hub-repos/javascript-exercises/00_generic-exercises/numbers-strings.js":{"path":"/Users/juanmanuel.ruiz/Documents/projects/git-hub-repos/javascript-exercises/00_generic-exercises/numbers-strings.js","s":{"1":1,"2":0},"b":{},"f":{"1":0},"fnMap":{"1":{"name":"(anonymous_1)","line":3,"loc":{"start":{"line":3,"column":28},"end":{"line":3,"column":43}}}},"statementMap":{"1":{"start":{"line":3,"column":0},"end":{"line":6,"column":1}},"2":{"start":{"line":5,"column":2},"end":{"line":5,"column":14}}},"branchMap":{}}}