TN:
SF:/Users/JuanMaRuiz/Documents/projects/git-hub/javascript-exercises/00_generic-exercises/01-findLongestWord.js
FN:3,(anonymous_1)
FN:6,(anonymous_2)
FN:10,(anonymous_3)
FNF:3
FNH:3
FNDA:6,(anonymous_1)
FNDA:49,(anonymous_2)
FNDA:112,(anonymous_3)
DA:3,1
DA:4,6
DA:6,6
DA:7,49
DA:10,6
DA:11,112
DA:15,6
LF:7
LH:7
BRF:0
BRH:0
end_of_record
TN:
SF:/Users/JuanMaRuiz/Documents/projects/git-hub/javascript-exercises/00_generic-exercises/00-numbers-strings.js
FN:3,(anonymous_1)
FNF:1
FNH:1
FNDA:13,(anonymous_1)
DA:3,1
DA:4,13
DA:5,13
DA:6,13
DA:7,13
DA:8,13
LF:6
LH:6
BRF:0
BRH:0
end_of_record
TN:
SF:/Users/JuanMaRuiz/Documents/projects/git-hub/javascript-exercises/01-time/time.js
FN:3,(anonymous_1)
FN:13,(anonymous_2)
FN:32,parseTime
FN:44,formatTime
FNF:4
FNH:4
FNDA:1,(anonymous_1)
FNDA:1,(anonymous_2)
FNDA:2,parseTime
FNDA:1,formatTime
DA:3,1
DA:4,1
DA:6,1
DA:13,1
DA:14,1
DA:15,1
DA:20,1
DA:21,1
DA:23,0
DA:26,1
DA:27,1
DA:29,1
DA:32,1
DA:33,2
DA:34,0
DA:36,2
DA:44,1
DA:45,1
DA:46,1
LF:19
LH:17
BRDA:20,1,0,1
BRDA:20,1,1,0
BRDA:33,2,0,0
BRDA:33,2,1,2
BRF:4
BRH:2
end_of_record
TN:
SF:/Users/JuanMaRuiz/Documents/projects/git-hub/javascript-exercises/02-temperature/temperature.js
FN:8,(anonymous_1)
FNF:1
FNH:1
FNDA:3,(anonymous_1)
DA:8,1
DA:9,3
DA:11,3
LF:3
LH:3
BRF:0
BRH:0
end_of_record
TN:
SF:/Users/JuanMaRuiz/Documents/projects/git-hub/javascript-exercises/03-coderbyte-easy/string-reverse.js
FN:3,(anonymous_1)
FNF:1
FNH:1
FNDA:2,(anonymous_1)
DA:3,1
DA:4,2
DA:5,2
DA:7,2
LF:4
LH:4
BRF:0
BRH:0
end_of_record
TN:
SF:/Users/JuanMaRuiz/Documents/projects/git-hub/javascript-exercises/03-coderbyte-easy/first-factorial.js
FN:3,(anonymous_1)
FN:11,(anonymous_2)
FNF:2
FNH:2
FNDA:2,(anonymous_1)
FNDA:10,(anonymous_2)
DA:3,1
DA:4,2
DA:7,2
DA:8,12
DA:11,2
DA:12,10
DA:14,2
LF:7
LH:7
BRF:0
BRH:0
end_of_record
TN:
SF:/Users/JuanMaRuiz/Documents/projects/git-hub/javascript-exercises/04-regExp/01-regExp.js
FN:3,logMessage
FN:8,(anonymous_2)
FN:17,(anonymous_3)
FNF:3
FNH:3
FNDA:4,logMessage
FNDA:2,(anonymous_2)
FNDA:2,(anonymous_3)
DA:3,1
DA:4,4
DA:5,4
DA:8,1
DA:9,2
DA:14,2
DA:17,1
DA:18,2
DA:21,2
LF:9
LH:9
BRDA:4,1,0,2
BRDA:4,1,1,2
BRDA:12,2,0,1
BRDA:12,2,1,1
BRDA:19,3,0,1
BRDA:19,3,1,1
BRF:6
BRH:6
end_of_record
